<?xml version="1.0" encoding="UTF-8"?>
<!-- Generated by org.testng.reporters.JUnitReportReporter -->
<testsuite hostname="DESKTOP-0I8PRRJ" failures="0" tests="5" name="ohrm.LoginTest" time="63.472" errors="0" timestamp="2023-03-28T15:55:57 IST" skipped="0">
  <testcase classname="ohrm.LoginTest" name="LogoutCase" time="4.080"/>
  <system-out/>
  <testcase classname="ohrm.LoginTest" name="LoginCase" time="5.193"/>
  <system-out/>
  <testcase classname="ohrm.LoginTest" name="SelectBrowser" time="28.360"/>
  <system-out/>
  <testcase classname="ohrm.LoginTest" name="getstarted" time="5.702"/>
  <system-out/>
  <testcase classname="ohrm.LoginTest" name="Dashboard" time="20.137"/>
  <system-out/>
</testsuite> <!-- ohrm.LoginTest -->
